android/app/build/intermediates/manifest_merge_blame_file/debug/processDebugMainManifest/manifest-merger-blame-debug-report.txt
1<?xml version="1.0" encoding="utf-8"?>
2<manifest xmlns:android="http://schemas.android.com/apk/res/android"
3    package="com.iotlogic.blynk"
4    android:versionCode="1"
5    android:versionName="1.0" >
6
7    <uses-sdk
8        android:minSdkVersion="21"
9        android:targetSdkVersion="34" />
10
11    <!-- Internet and Network permissions -->
12    <uses-permission android:name="android.permission.INTERNET" />
12-->src\main\AndroidManifest.xml:6:5-67
12-->src\main\AndroidManifest.xml:6:22-64
13    <uses-permission android:name="android.permission.ACCESS_NETWORK_STATE" />
13-->src\main\AndroidManifest.xml:7:5-79
13-->src\main\AndroidManifest.xml:7:22-76
14    <uses-permission android:name="android.permission.CHANGE_NETWORK_STATE" />
14-->src\main\AndroidManifest.xml:8:5-79
14-->src\main\AndroidManifest.xml:8:22-76
15
16    <!-- WiFi permissions -->
17    <uses-permission android:name="android.permission.ACCESS_WIFI_STATE" />
17-->src\main\AndroidManifest.xml:11:5-76
17-->src\main\AndroidManifest.xml:11:22-73
18    <uses-permission android:name="android.permission.CHANGE_WIFI_STATE" />
18-->src\main\AndroidManifest.xml:12:5-76
18-->src\main\AndroidManifest.xml:12:22-73
19    <uses-permission android:name="android.permission.ACCESS_FINE_LOCATION" />
19-->src\main\AndroidManifest.xml:13:5-79
19-->src\main\AndroidManifest.xml:13:22-76
20    <uses-permission android:name="android.permission.ACCESS_COARSE_LOCATION" />
20-->src\main\AndroidManifest.xml:14:5-81
20-->src\main\AndroidManifest.xml:14:22-78
21
22    <!-- Bluetooth permissions -->
23    <uses-permission android:name="android.permission.BLUETOOTH" />
23-->src\main\AndroidManifest.xml:17:5-68
23-->src\main\AndroidManifest.xml:17:22-65
24    <uses-permission android:name="android.permission.BLUETOOTH_ADMIN" />
24-->src\main\AndroidManifest.xml:18:5-74
24-->src\main\AndroidManifest.xml:18:22-71
25    <uses-permission android:name="android.permission.BLUETOOTH_CONNECT" />
25-->src\main\AndroidManifest.xml:19:5-76
25-->src\main\AndroidManifest.xml:19:22-73
26    <uses-permission android:name="android.permission.BLUETOOTH_SCAN" />
26-->src\main\AndroidManifest.xml:20:5-73
26-->src\main\AndroidManifest.xml:20:22-70
27    <uses-permission android:name="android.permission.BLUETOOTH_ADVERTISE" />
27-->src\main\AndroidManifest.xml:21:5-78
27-->src\main\AndroidManifest.xml:21:22-75
28
29    <!-- Location permissions for Bluetooth LE and geofencing -->
30    <uses-permission android:name="android.permission.ACCESS_BACKGROUND_LOCATION" />
30-->src\main\AndroidManifest.xml:24:5-85
30-->src\main\AndroidManifest.xml:24:22-82
31
32    <!-- USB permissions -->
33    <uses-permission android:name="android.permission.USB_PERMISSION" />
33-->src\main\AndroidManifest.xml:27:5-73
33-->src\main\AndroidManifest.xml:27:22-70
34
35    <!-- Camera permissions for QR scanning -->
36    <uses-permission android:name="android.permission.CAMERA" />
36-->src\main\AndroidManifest.xml:30:5-65
36-->src\main\AndroidManifest.xml:30:22-62
37
38    <!-- Storage permissions -->
39    <uses-permission android:name="android.permission.READ_EXTERNAL_STORAGE" />
39-->src\main\AndroidManifest.xml:33:5-80
39-->src\main\AndroidManifest.xml:33:22-77
40    <uses-permission android:name="android.permission.WRITE_EXTERNAL_STORAGE" />
40-->src\main\AndroidManifest.xml:34:5-81
40-->src\main\AndroidManifest.xml:34:22-78
41
42    <!-- Foreground service permission -->
43    <uses-permission android:name="android.permission.FOREGROUND_SERVICE" />
43-->src\main\AndroidManifest.xml:37:5-77
43-->src\main\AndroidManifest.xml:37:22-74
44    <uses-permission android:name="android.permission.FOREGROUND_SERVICE_CONNECTED_DEVICE" />
44-->src\main\AndroidManifest.xml:38:5-94
44-->src\main\AndroidManifest.xml:38:22-91
45
46    <!-- Wake lock for background processing -->
47    <uses-permission android:name="android.permission.WAKE_LOCK" />
47-->src\main\AndroidManifest.xml:41:5-68
47-->src\main\AndroidManifest.xml:41:22-65
48
49    <!-- Vibration for notifications -->
50    <uses-permission android:name="android.permission.VIBRATE" />
50-->src\main\AndroidManifest.xml:44:5-66
50-->src\main\AndroidManifest.xml:44:22-63
51
52    <!-- Features declarations -->
53    <uses-feature
53-->src\main\AndroidManifest.xml:47:5-49:35
54        android:name="android.hardware.bluetooth_le"
54-->src\main\AndroidManifest.xml:48:9-53
55        android:required="true" />
55-->src\main\AndroidManifest.xml:49:9-32
56    <uses-feature
56-->src\main\AndroidManifest.xml:50:5-52:35
57        android:name="android.hardware.wifi"
57-->src\main\AndroidManifest.xml:51:9-45
58        android:required="true" />
58-->src\main\AndroidManifest.xml:52:9-32
59    <uses-feature
59-->src\main\AndroidManifest.xml:53:5-55:35
60        android:name="android.hardware.camera"
60-->src\main\AndroidManifest.xml:54:9-47
61        android:required="true" />
61-->src\main\AndroidManifest.xml:55:9-32
62    <uses-feature
62-->src\main\AndroidManifest.xml:56:5-58:36
63        android:name="android.hardware.camera.autofocus"
63-->src\main\AndroidManifest.xml:57:9-57
64        android:required="false" />
64-->src\main\AndroidManifest.xml:58:9-33
65    <uses-feature
65-->src\main\AndroidManifest.xml:59:5-61:36
66        android:name="android.hardware.location.gps"
66-->src\main\AndroidManifest.xml:60:9-53
67        android:required="false" />
67-->src\main\AndroidManifest.xml:61:9-33
68    <uses-feature
68-->src\main\AndroidManifest.xml:62:5-64:36
69        android:name="android.hardware.usb.host"
69-->src\main\AndroidManifest.xml:63:9-49
70        android:required="false" />
70-->src\main\AndroidManifest.xml:64:9-33
71
72    <queries>
72-->[androidx.camera:camera-extensions:1.3.1] AndroidManifest.xml:22:5-26:15
73        <intent>
73-->[androidx.camera:camera-extensions:1.3.1] AndroidManifest.xml:23:9-25:18
74            <action android:name="androidx.camera.extensions.action.VENDOR_ACTION" />
74-->[androidx.camera:camera-extensions:1.3.1] AndroidManifest.xml:24:13-86
74-->[androidx.camera:camera-extensions:1.3.1] AndroidManifest.xml:24:21-83
75        </intent>
76        <!-- Needs to be explicitly declared on Android R+ -->
77        <package android:name="com.google.android.apps.maps" />
77-->[com.google.android.gms:play-services-maps:18.2.0] AndroidManifest.xml:33:9-64
77-->[com.google.android.gms:play-services-maps:18.2.0] AndroidManifest.xml:33:18-61
78    </queries>
79
80    <uses-permission android:name="android.permission.USE_BIOMETRIC" /> <!-- suppress DeprecatedClassUsageInspection -->
80-->[androidx.biometric:biometric:1.1.0] AndroidManifest.xml:24:5-72
80-->[androidx.biometric:biometric:1.1.0] AndroidManifest.xml:24:22-69
81    <uses-permission android:name="android.permission.USE_FINGERPRINT" />
81-->[androidx.biometric:biometric:1.1.0] AndroidManifest.xml:27:5-74
81-->[androidx.biometric:biometric:1.1.0] AndroidManifest.xml:27:22-71
82
83    <uses-feature
83-->[com.google.android.gms:play-services-maps:18.2.0] AndroidManifest.xml:26:5-28:35
84        android:glEsVersion="0x00020000"
84-->[com.google.android.gms:play-services-maps:18.2.0] AndroidManifest.xml:27:9-41
85        android:required="true" />
85-->[com.google.android.gms:play-services-maps:18.2.0] AndroidManifest.xml:28:9-32
86
87    <uses-permission android:name="android.permission.POST_NOTIFICATIONS" /> <!-- Required by older versions of Google Play services to create IID tokens -->
87-->[com.google.firebase:firebase-messaging:23.4.0] AndroidManifest.xml:23:5-77
87-->[com.google.firebase:firebase-messaging:23.4.0] AndroidManifest.xml:23:22-74
88    <uses-permission android:name="com.google.android.c2dm.permission.RECEIVE" />
88-->[com.google.firebase:firebase-messaging:23.4.0] AndroidManifest.xml:26:5-82
88-->[com.google.firebase:firebase-messaging:23.4.0] AndroidManifest.xml:26:22-79
89    <uses-permission android:name="com.google.android.gms.permission.AD_ID" />
89-->[com.google.android.gms:play-services-measurement-api:21.5.0] AndroidManifest.xml:25:5-79
89-->[com.google.android.gms:play-services-measurement-api:21.5.0] AndroidManifest.xml:25:22-76
90    <uses-permission android:name="android.permission.ACCESS_ADSERVICES_ATTRIBUTION" />
90-->[com.google.android.gms:play-services-measurement-api:21.5.0] AndroidManifest.xml:26:5-88
90-->[com.google.android.gms:play-services-measurement-api:21.5.0] AndroidManifest.xml:26:22-85
91    <uses-permission android:name="android.permission.ACCESS_ADSERVICES_AD_ID" />
91-->[com.google.android.gms:play-services-measurement-api:21.5.0] AndroidManifest.xml:27:5-82
91-->[com.google.android.gms:play-services-measurement-api:21.5.0] AndroidManifest.xml:27:22-79
92    <uses-permission android:name="android.permission.RECEIVE_BOOT_COMPLETED" />
92-->[androidx.work:work-runtime:2.9.0] AndroidManifest.xml:25:5-81
92-->[androidx.work:work-runtime:2.9.0] AndroidManifest.xml:25:22-78
93    <uses-permission android:name="com.google.android.finsky.permission.BIND_GET_INSTALL_REFERRER_SERVICE" />
93-->[com.google.android.gms:play-services-measurement:21.5.0] AndroidManifest.xml:26:5-110
93-->[com.google.android.gms:play-services-measurement:21.5.0] AndroidManifest.xml:26:22-107
94
95    <permission
95-->[androidx.core:core:1.12.0] AndroidManifest.xml:22:5-24:47
96        android:name="com.iotlogic.blynk.DYNAMIC_RECEIVER_NOT_EXPORTED_PERMISSION"
96-->[androidx.core:core:1.12.0] AndroidManifest.xml:23:9-81
97        android:protectionLevel="signature" />
97-->[androidx.core:core:1.12.0] AndroidManifest.xml:24:9-44
98
99    <uses-permission android:name="com.iotlogic.blynk.DYNAMIC_RECEIVER_NOT_EXPORTED_PERMISSION" />
99-->[androidx.core:core:1.12.0] AndroidManifest.xml:26:5-97
99-->[androidx.core:core:1.12.0] AndroidManifest.xml:26:22-94
100
101    <application
101-->src\main\AndroidManifest.xml:66:5-127:19
102        android:name="com.iotlogic.blynk.IoTLogicApplication"
102-->src\main\AndroidManifest.xml:67:9-44
103        android:allowBackup="true"
103-->src\main\AndroidManifest.xml:68:9-35
104        android:appComponentFactory="androidx.core.app.CoreComponentFactory"
104-->[androidx.core:core:1.12.0] AndroidManifest.xml:28:18-86
105        android:dataExtractionRules="@xml/data_extraction_rules"
105-->src\main\AndroidManifest.xml:69:9-65
106        android:debuggable="true"
107        android:extractNativeLibs="true"
108        android:fullBackupContent="@xml/backup_rules"
108-->src\main\AndroidManifest.xml:70:9-54
109        android:icon="@mipmap/ic_launcher"
109-->src\main\AndroidManifest.xml:71:9-43
110        android:label="@string/app_name"
110-->src\main\AndroidManifest.xml:72:9-41
111        android:roundIcon="@mipmap/ic_launcher_round"
111-->src\main\AndroidManifest.xml:73:9-54
112        android:supportsRtl="true"
112-->src\main\AndroidManifest.xml:74:9-35
113        android:theme="@style/Theme.IoTLogicBlynk" >
113-->src\main\AndroidManifest.xml:75:9-51
114
115        <!-- Main Activity -->
116        <activity
116-->src\main\AndroidManifest.xml:79:9-88:20
117            android:name="com.iotlogic.blynk.ui.main.MainActivity"
117-->src\main\AndroidManifest.xml:80:13-49
118            android:exported="true"
118-->src\main\AndroidManifest.xml:81:13-36
119            android:launchMode="singleTop"
119-->src\main\AndroidManifest.xml:82:13-43
120            android:theme="@style/Theme.IoTLogicBlynk" >
120-->src\main\AndroidManifest.xml:83:13-55
121            <intent-filter>
121-->src\main\AndroidManifest.xml:84:13-87:29
122                <action android:name="android.intent.action.MAIN" />
122-->src\main\AndroidManifest.xml:85:17-69
122-->src\main\AndroidManifest.xml:85:25-66
123
124                <category android:name="android.intent.category.LAUNCHER" />
124-->src\main\AndroidManifest.xml:86:17-77
124-->src\main\AndroidManifest.xml:86:27-74
125            </intent-filter>
126        </activity>
127
128        <!-- Background MQTT Service -->
129        <service
129-->src\main\AndroidManifest.xml:91:9-95:63
130            android:name="com.iotlogic.blynk.services.MqttBackgroundService"
130-->src\main\AndroidManifest.xml:92:13-59
131            android:enabled="true"
131-->src\main\AndroidManifest.xml:93:13-35
132            android:exported="false"
132-->src\main\AndroidManifest.xml:94:13-37
133            android:foregroundServiceType="connectedDevice" />
133-->src\main\AndroidManifest.xml:95:13-60
134
135        <!-- Device Connection Service -->
136        <service
136-->src\main\AndroidManifest.xml:98:9-102:63
137            android:name="com.iotlogic.blynk.services.DeviceConnectionService"
137-->src\main\AndroidManifest.xml:99:13-61
138            android:enabled="true"
138-->src\main\AndroidManifest.xml:100:13-35
139            android:exported="false"
139-->src\main\AndroidManifest.xml:101:13-37
140            android:foregroundServiceType="connectedDevice" />
140-->src\main\AndroidManifest.xml:102:13-60
141
142        <!-- Work Manager -->
143        <provider
144            android:name="androidx.startup.InitializationProvider"
144-->src\main\AndroidManifest.xml:108:13-67
145            android:authorities="com.iotlogic.blynk.androidx-startup"
145-->src\main\AndroidManifest.xml:109:13-68
146            android:exported="false" >
146-->src\main\AndroidManifest.xml:110:13-37
147            <meta-data
147-->[androidx.emoji2:emoji2:1.4.0] AndroidManifest.xml:29:13-31:52
148                android:name="androidx.emoji2.text.EmojiCompatInitializer"
148-->[androidx.emoji2:emoji2:1.4.0] AndroidManifest.xml:30:17-75
149                android:value="androidx.startup" />
149-->[androidx.emoji2:emoji2:1.4.0] AndroidManifest.xml:31:17-49
150            <meta-data
150-->[androidx.lifecycle:lifecycle-process:2.7.0] AndroidManifest.xml:29:13-31:52
151                android:name="androidx.lifecycle.ProcessLifecycleInitializer"
151-->[androidx.lifecycle:lifecycle-process:2.7.0] AndroidManifest.xml:30:17-78
152                android:value="androidx.startup" />
152-->[androidx.lifecycle:lifecycle-process:2.7.0] AndroidManifest.xml:31:17-49
153            <meta-data
153-->[androidx.profileinstaller:profileinstaller:1.3.0] AndroidManifest.xml:29:13-31:52
154                android:name="androidx.profileinstaller.ProfileInstallerInitializer"
154-->[androidx.profileinstaller:profileinstaller:1.3.0] AndroidManifest.xml:30:17-85
155                android:value="androidx.startup" />
155-->[androidx.profileinstaller:profileinstaller:1.3.0] AndroidManifest.xml:31:17-49
156        </provider>
157
158        <!-- Firebase Messaging Service -->
159        <service
159-->src\main\AndroidManifest.xml:119:9-125:19
160            android:name="com.iotlogic.blynk.notifications.IoTLogicFirebaseMessagingService"
160-->src\main\AndroidManifest.xml:120:13-75
161            android:exported="false" >
161-->src\main\AndroidManifest.xml:121:13-37
162            <intent-filter>
162-->src\main\AndroidManifest.xml:122:13-124:29
163                <action android:name="com.google.firebase.MESSAGING_EVENT" />
163-->src\main\AndroidManifest.xml:123:17-78
163-->src\main\AndroidManifest.xml:123:25-75
164            </intent-filter>
165        </service>
166
167        <uses-library
167-->[androidx.camera:camera-extensions:1.3.1] AndroidManifest.xml:29:9-31:40
168            android:name="androidx.camera.extensions.impl"
168-->[androidx.camera:camera-extensions:1.3.1] AndroidManifest.xml:30:13-59
169            android:required="false" />
169-->[androidx.camera:camera-extensions:1.3.1] AndroidManifest.xml:31:13-37
170
171        <service
171-->[androidx.camera:camera-camera2:1.3.1] AndroidManifest.xml:24:9-33:19
172            android:name="androidx.camera.core.impl.MetadataHolderService"
172-->[androidx.camera:camera-camera2:1.3.1] AndroidManifest.xml:25:13-75
173            android:enabled="false"
173-->[androidx.camera:camera-camera2:1.3.1] AndroidManifest.xml:26:13-36
174            android:exported="false" >
174-->[androidx.camera:camera-camera2:1.3.1] AndroidManifest.xml:27:13-37
175            <meta-data
175-->[androidx.camera:camera-camera2:1.3.1] AndroidManifest.xml:30:13-32:89
176                android:name="androidx.camera.core.impl.MetadataHolderService.DEFAULT_CONFIG_PROVIDER"
176-->[androidx.camera:camera-camera2:1.3.1] AndroidManifest.xml:31:17-103
177                android:value="androidx.camera.camera2.Camera2Config$DefaultProvider" />
177-->[androidx.camera:camera-camera2:1.3.1] AndroidManifest.xml:32:17-86
178        </service> <!-- Needs to be explicitly declared on P+ -->
179        <uses-library
179-->[com.google.android.gms:play-services-maps:18.2.0] AndroidManifest.xml:39:9-41:40
180            android:name="org.apache.http.legacy"
180-->[com.google.android.gms:play-services-maps:18.2.0] AndroidManifest.xml:40:13-50
181            android:required="false" />
181-->[com.google.android.gms:play-services-maps:18.2.0] AndroidManifest.xml:41:13-37
182
183        <receiver
183-->[com.google.firebase:firebase-messaging:23.4.0] AndroidManifest.xml:29:9-40:20
184            android:name="com.google.firebase.iid.FirebaseInstanceIdReceiver"
184-->[com.google.firebase:firebase-messaging:23.4.0] AndroidManifest.xml:30:13-78
185            android:exported="true"
185-->[com.google.firebase:firebase-messaging:23.4.0] AndroidManifest.xml:31:13-36
186            android:permission="com.google.android.c2dm.permission.SEND" >
186-->[com.google.firebase:firebase-messaging:23.4.0] AndroidManifest.xml:32:13-73
187            <intent-filter>
187-->[com.google.firebase:firebase-messaging:23.4.0] AndroidManifest.xml:33:13-35:29
188                <action android:name="com.google.android.c2dm.intent.RECEIVE" />
188-->[com.google.firebase:firebase-messaging:23.4.0] AndroidManifest.xml:34:17-81
188-->[com.google.firebase:firebase-messaging:23.4.0] AndroidManifest.xml:34:25-78
189            </intent-filter>
190
191            <meta-data
191-->[com.google.firebase:firebase-messaging:23.4.0] AndroidManifest.xml:37:13-39:40
192                android:name="com.google.android.gms.cloudmessaging.FINISHED_AFTER_HANDLED"
192-->[com.google.firebase:firebase-messaging:23.4.0] AndroidManifest.xml:38:17-92
193                android:value="true" />
193-->[com.google.firebase:firebase-messaging:23.4.0] AndroidManifest.xml:39:17-37
194        </receiver>
195        <!--
196             FirebaseMessagingService performs security checks at runtime,
197             but set to not exported to explicitly avoid allowing another app to call it.
198        -->
199        <service
199-->[com.google.firebase:firebase-messaging:23.4.0] AndroidManifest.xml:46:9-53:19
200            android:name="com.google.firebase.messaging.FirebaseMessagingService"
200-->[com.google.firebase:firebase-messaging:23.4.0] AndroidManifest.xml:47:13-82
201            android:directBootAware="true"
201-->[com.google.firebase:firebase-messaging:23.4.0] AndroidManifest.xml:48:13-43
202            android:exported="false" >
202-->[com.google.firebase:firebase-messaging:23.4.0] AndroidManifest.xml:49:13-37
203            <intent-filter android:priority="-500" >
203-->src\main\AndroidManifest.xml:122:13-124:29
204                <action android:name="com.google.firebase.MESSAGING_EVENT" />
204-->src\main\AndroidManifest.xml:123:17-78
204-->src\main\AndroidManifest.xml:123:25-75
205            </intent-filter>
206        </service>
207        <service
207-->[com.google.firebase:firebase-messaging:23.4.0] AndroidManifest.xml:54:9-63:19
208            android:name="com.google.firebase.components.ComponentDiscoveryService"
208-->[com.google.firebase:firebase-messaging:23.4.0] AndroidManifest.xml:55:13-84
209            android:directBootAware="true"
209-->[com.google.firebase:firebase-common:20.4.2] AndroidManifest.xml:32:13-43
210            android:exported="false" >
210-->[com.google.firebase:firebase-messaging:23.4.0] AndroidManifest.xml:56:13-37
211            <meta-data
211-->[com.google.firebase:firebase-messaging:23.4.0] AndroidManifest.xml:57:13-59:85
212                android:name="com.google.firebase.components:com.google.firebase.messaging.FirebaseMessagingKtxRegistrar"
212-->[com.google.firebase:firebase-messaging:23.4.0] AndroidManifest.xml:58:17-122
213                android:value="com.google.firebase.components.ComponentRegistrar" />
213-->[com.google.firebase:firebase-messaging:23.4.0] AndroidManifest.xml:59:17-82
214            <meta-data
214-->[com.google.firebase:firebase-messaging:23.4.0] AndroidManifest.xml:60:13-62:85
215                android:name="com.google.firebase.components:com.google.firebase.messaging.FirebaseMessagingRegistrar"
215-->[com.google.firebase:firebase-messaging:23.4.0] AndroidManifest.xml:61:17-119
216                android:value="com.google.firebase.components.ComponentRegistrar" />
216-->[com.google.firebase:firebase-messaging:23.4.0] AndroidManifest.xml:62:17-82
217            <meta-data
217-->[com.google.android.gms:play-services-measurement-api:21.5.0] AndroidManifest.xml:37:13-39:85
218                android:name="com.google.firebase.components:com.google.firebase.analytics.connector.internal.AnalyticsConnectorRegistrar"
218-->[com.google.android.gms:play-services-measurement-api:21.5.0] AndroidManifest.xml:38:17-139
219                android:value="com.google.firebase.components.ComponentRegistrar" />
219-->[com.google.android.gms:play-services-measurement-api:21.5.0] AndroidManifest.xml:39:17-82
220            <meta-data
220-->[com.google.firebase:firebase-installations:17.2.0] AndroidManifest.xml:15:13-17:85
221                android:name="com.google.firebase.components:com.google.firebase.installations.FirebaseInstallationsKtxRegistrar"
221-->[com.google.firebase:firebase-installations:17.2.0] AndroidManifest.xml:16:17-130
222                android:value="com.google.firebase.components.ComponentRegistrar" />
222-->[com.google.firebase:firebase-installations:17.2.0] AndroidManifest.xml:17:17-82
223            <meta-data
223-->[com.google.firebase:firebase-installations:17.2.0] AndroidManifest.xml:18:13-20:85
224                android:name="com.google.firebase.components:com.google.firebase.installations.FirebaseInstallationsRegistrar"
224-->[com.google.firebase:firebase-installations:17.2.0] AndroidManifest.xml:19:17-127
225                android:value="com.google.firebase.components.ComponentRegistrar" />
225-->[com.google.firebase:firebase-installations:17.2.0] AndroidManifest.xml:20:17-82
226            <meta-data
226-->[com.google.firebase:firebase-common-ktx:20.4.2] AndroidManifest.xml:12:13-14:85
227                android:name="com.google.firebase.components:com.google.firebase.ktx.FirebaseCommonLegacyRegistrar"
227-->[com.google.firebase:firebase-common-ktx:20.4.2] AndroidManifest.xml:13:17-116
228                android:value="com.google.firebase.components.ComponentRegistrar" />
228-->[com.google.firebase:firebase-common-ktx:20.4.2] AndroidManifest.xml:14:17-82
229            <meta-data
229-->[com.google.firebase:firebase-common:20.4.2] AndroidManifest.xml:35:13-37:85
230                android:name="com.google.firebase.components:com.google.firebase.FirebaseCommonKtxRegistrar"
230-->[com.google.firebase:firebase-common:20.4.2] AndroidManifest.xml:36:17-109
231                android:value="com.google.firebase.components.ComponentRegistrar" />
231-->[com.google.firebase:firebase-common:20.4.2] AndroidManifest.xml:37:17-82
232            <meta-data
232-->[com.google.firebase:firebase-datatransport:18.1.7] AndroidManifest.xml:27:13-29:85
233                android:name="com.google.firebase.components:com.google.firebase.datatransport.TransportRegistrar"
233-->[com.google.firebase:firebase-datatransport:18.1.7] AndroidManifest.xml:28:17-115
234                android:value="com.google.firebase.components.ComponentRegistrar" />
234-->[com.google.firebase:firebase-datatransport:18.1.7] AndroidManifest.xml:29:17-82
235        </service>
236        <service
236-->[com.google.android.gms:play-services-mlkit-barcode-scanning:18.3.0] AndroidManifest.xml:9:9-15:19
237            android:name="com.google.mlkit.common.internal.MlKitComponentDiscoveryService"
237-->[com.google.android.gms:play-services-mlkit-barcode-scanning:18.3.0] AndroidManifest.xml:10:13-91
238            android:directBootAware="true"
238-->[com.google.mlkit:common:18.9.0] AndroidManifest.xml:17:13-43
239            android:exported="false" >
239-->[com.google.android.gms:play-services-mlkit-barcode-scanning:18.3.0] AndroidManifest.xml:11:13-37
240            <meta-data
240-->[com.google.android.gms:play-services-mlkit-barcode-scanning:18.3.0] AndroidManifest.xml:12:13-14:85
241                android:name="com.google.firebase.components:com.google.mlkit.vision.barcode.internal.BarcodeRegistrar"
241-->[com.google.android.gms:play-services-mlkit-barcode-scanning:18.3.0] AndroidManifest.xml:13:17-120
242                android:value="com.google.firebase.components.ComponentRegistrar" />
242-->[com.google.android.gms:play-services-mlkit-barcode-scanning:18.3.0] AndroidManifest.xml:14:17-82
243            <meta-data
243-->[com.google.mlkit:vision-common:17.3.0] AndroidManifest.xml:12:13-14:85
244                android:name="com.google.firebase.components:com.google.mlkit.vision.common.internal.VisionCommonRegistrar"
244-->[com.google.mlkit:vision-common:17.3.0] AndroidManifest.xml:13:17-124
245                android:value="com.google.firebase.components.ComponentRegistrar" />
245-->[com.google.mlkit:vision-common:17.3.0] AndroidManifest.xml:14:17-82
246            <meta-data
246-->[com.google.mlkit:common:18.9.0] AndroidManifest.xml:20:13-22:85
247                android:name="com.google.firebase.components:com.google.mlkit.common.internal.CommonComponentRegistrar"
247-->[com.google.mlkit:common:18.9.0] AndroidManifest.xml:21:17-120
248                android:value="com.google.firebase.components.ComponentRegistrar" />
248-->[com.google.mlkit:common:18.9.0] AndroidManifest.xml:22:17-82
249        </service>
250
251        <provider
251-->[com.google.mlkit:common:18.9.0] AndroidManifest.xml:9:9-13:38
252            android:name="com.google.mlkit.common.internal.MlKitInitProvider"
252-->[com.google.mlkit:common:18.9.0] AndroidManifest.xml:10:13-78
253            android:authorities="com.iotlogic.blynk.mlkitinitprovider"
253-->[com.google.mlkit:common:18.9.0] AndroidManifest.xml:11:13-69
254            android:exported="false"
254-->[com.google.mlkit:common:18.9.0] AndroidManifest.xml:12:13-37
255            android:initOrder="99" />
255-->[com.google.mlkit:common:18.9.0] AndroidManifest.xml:13:13-35
256
257        <activity
257-->[com.google.android.gms:play-services-base:18.1.0] AndroidManifest.xml:20:9-22:45
258            android:name="com.google.android.gms.common.api.GoogleApiActivity"
258-->[com.google.android.gms:play-services-base:18.1.0] AndroidManifest.xml:20:19-85
259            android:exported="false"
259-->[com.google.android.gms:play-services-base:18.1.0] AndroidManifest.xml:22:19-43
260            android:theme="@android:style/Theme.Translucent.NoTitleBar" />
260-->[com.google.android.gms:play-services-base:18.1.0] AndroidManifest.xml:21:19-78
261
262        <property
262-->[com.google.android.gms:play-services-measurement-api:21.5.0] AndroidManifest.xml:30:9-32:61
263            android:name="android.adservices.AD_SERVICES_CONFIG"
263-->[com.google.android.gms:play-services-measurement-api:21.5.0] AndroidManifest.xml:31:13-65
264            android:resource="@xml/ga_ad_services_config" />
264-->[com.google.android.gms:play-services-measurement-api:21.5.0] AndroidManifest.xml:32:13-58
265
266        <provider
266-->[com.google.firebase:firebase-common:20.4.2] AndroidManifest.xml:23:9-28:39
267            android:name="com.google.firebase.provider.FirebaseInitProvider"
267-->[com.google.firebase:firebase-common:20.4.2] AndroidManifest.xml:24:13-77
268            android:authorities="com.iotlogic.blynk.firebaseinitprovider"
268-->[com.google.firebase:firebase-common:20.4.2] AndroidManifest.xml:25:13-72
269            android:directBootAware="true"
269-->[com.google.firebase:firebase-common:20.4.2] AndroidManifest.xml:26:13-43
270            android:exported="false"
270-->[com.google.firebase:firebase-common:20.4.2] AndroidManifest.xml:27:13-37
271            android:initOrder="100" />
271-->[com.google.firebase:firebase-common:20.4.2] AndroidManifest.xml:28:13-36
272
273        <service
273-->[androidx.room:room-runtime:2.6.0] AndroidManifest.xml:24:9-28:63
274            android:name="androidx.room.MultiInstanceInvalidationService"
274-->[androidx.room:room-runtime:2.6.0] AndroidManifest.xml:25:13-74
275            android:directBootAware="true"
275-->[androidx.room:room-runtime:2.6.0] AndroidManifest.xml:26:13-43
276            android:exported="false" />
276-->[androidx.room:room-runtime:2.6.0] AndroidManifest.xml:27:13-37
277        <service
277-->[androidx.work:work-runtime:2.9.0] AndroidManifest.xml:39:9-45:35
278            android:name="androidx.work.impl.background.systemalarm.SystemAlarmService"
278-->[androidx.work:work-runtime:2.9.0] AndroidManifest.xml:40:13-88
279            android:directBootAware="false"
279-->[androidx.work:work-runtime:2.9.0] AndroidManifest.xml:41:13-44
280            android:enabled="@bool/enable_system_alarm_service_default"
280-->[androidx.work:work-runtime:2.9.0] AndroidManifest.xml:42:13-72
281            android:exported="false" />
281-->[androidx.work:work-runtime:2.9.0] AndroidManifest.xml:43:13-37
282        <service
282-->[androidx.work:work-runtime:2.9.0] AndroidManifest.xml:46:9-52:35
283            android:name="androidx.work.impl.background.systemjob.SystemJobService"
283-->[androidx.work:work-runtime:2.9.0] AndroidManifest.xml:47:13-84
284            android:directBootAware="false"
284-->[androidx.work:work-runtime:2.9.0] AndroidManifest.xml:48:13-44
285            android:enabled="@bool/enable_system_job_service_default"